<?xml version="1.0" encoding="UTF-8"?>
<testsuite xmlns:xsi="http://www.w3.org/2001/XMLSchema-instance" xsi:noNamespaceSchemaLocation="https://maven.apache.org/surefire/maven-surefire-plugin/xsd/surefire-test-report-3.0.xsd" version="3.0" name="org.randol.medusa.medusabackend.BookControllerTests" time="0.724" tests="1" errors="1" skipped="0" failures="0">
  <properties>
[...]
</properties>
  <testcase name="shouldGetFirstBook" classname="org.randol.medusa.medusabackend.BookControllerTests" time="0.056">
    <error message="Failed to find document, name=&apos;bookDetails&apos;, under location(s)=[class path resource [graphql-test/]]" type="java.lang.IllegalStateException"><![CDATA[java.lang.IllegalStateException: Failed to find document, name='bookDetails', under location(s)=[class path resource [graphql-test/]]
	at org.springframework.graphql.support.ResourceDocumentSource.lambda$getDocument$1(ResourceDocumentSource.java:100)
	at reactor.core.publisher.MonoRunnable.subscribe(MonoRunnable.java:49)
	at reactor.core.publisher.Mono.subscribe(Mono.java:4512)
	at reactor.core.publisher.FluxSwitchIfEmpty$SwitchIfEmptySubscriber.onComplete(FluxSwitchIfEmpty.java:82)
	at reactor.core.publisher.FluxMap$MapSubscriber.onComplete(FluxMap.java:144)
	at reactor.core.publisher.MonoNext$NextSubscriber.onComplete(MonoNext.java:102)
	at reactor.core.publisher.FluxFilterFuseable$FilterFuseableSubscriber.onComplete(FluxFilterFuseable.java:171)
	at reactor.core.publisher.FluxFlattenIterable$FlattenIterableSubscriber.drainSync(FluxFlattenIterable.java:577)
	at reactor.core.publisher.FluxFlattenIterable$FlattenIterableSubscriber.drain(FluxFlattenIterable.java:721)
	at reactor.core.publisher.FluxFlattenIterable$FlattenIterableSubscriber.request(FluxFlattenIterable.java:303)
	at reactor.core.publisher.FluxFilterFuseable$FilterFuseableSubscriber.request(FluxFilterFuseable.java:191)
	at reactor.core.publisher.MonoNext$NextSubscriber.request(MonoNext.java:108)
	at reactor.core.publisher.FluxMap$MapSubscriber.request(FluxMap.java:164)
	at reactor.core.publisher.Operators$MultiSubscriptionSubscriber.set(Operators.java:2367)
	at reactor.core.publisher.Operators$MultiSubscriptionSubscriber.onSubscribe(Operators.java:2241)
	at reactor.core.publisher.FluxMap$MapSubscriber.onSubscribe(FluxMap.java:92)
	at reactor.core.publisher.MonoNext$NextSubscriber.onSubscribe(MonoNext.java:70)
	at reactor.core.publisher.FluxFilterFuseable$FilterFuseableSubscriber.onSubscribe(FluxFilterFuseable.java:87)
	at reactor.core.publisher.FluxFlattenIterable$FlattenIterableSubscriber.onSubscribe(FluxFlattenIterable.java:222)
	at reactor.core.publisher.FluxIterable.subscribe(FluxIterable.java:201)
	at reactor.core.publisher.FluxIterable.subscribe(FluxIterable.java:83)
	at reactor.core.publisher.Mono.subscribe(Mono.java:4512)
	at reactor.core.publisher.MonoSubscribeOn$SubscribeOnSubscriber.run(MonoSubscribeOn.java:126)
	at reactor.core.scheduler.WorkerTask.call(WorkerTask.java:84)
	at reactor.core.scheduler.WorkerTask.call(WorkerTask.java:37)
	at java.base/java.util.concurrent.FutureTask.run(FutureTask.java:264)
	at java.base/java.util.concurrent.ScheduledThreadPoolExecutor$ScheduledFutureTask.run(ScheduledThreadPoolExecutor.java:304)
	at java.base/java.util.concurrent.ThreadPoolExecutor.runWorker(ThreadPoolExecutor.java:1136)
	at java.base/java.util.concurrent.ThreadPoolExecutor$Worker.run(ThreadPoolExecutor.java:635)
	at java.base/java.lang.Thread.run(Thread.java:840)
	Suppressed: java.lang.Exception: #block terminated with an error
		at reactor.core.publisher.BlockingSingleSubscriber.blockingGet(BlockingSingleSubscriber.java:144)
		at reactor.core.publisher.Mono.block(Mono.java:1754)
		at org.springframework.graphql.test.tester.DefaultGraphQlTester.documentName(DefaultGraphQlTester.java:100)
		at org.springframework.graphql.test.tester.AbstractDelegatingGraphQlTester.documentName(AbstractDelegatingGraphQlTester.java:49)
		at org.randol.medusa.medusabackend.BookControllerTests.shouldGetFirstBook(BookControllerTests.java:18)
		at java.base/java.lang.reflect.Method.invoke(Method.java:568)
		at java.base/java.util.ArrayList.forEach(ArrayList.java:1511)
		at java.base/java.util.ArrayList.forEach(ArrayList.java:1511)
]]></error>
    <system-out><![CDATA[2023-11-30T22:17:57.551Z  INFO 83971 --- [           main] t.c.s.AnnotationConfigContextLoaderUtils : Could not detect default configuration classes for test class [org.randol.medusa.medusabackend.BookControllerTests]: BookControllerTests does not declare any static, non-private, non-final, nested classes annotated with @Configuration.
2023-11-30T22:17:57.643Z  INFO 83971 --- [           main] .b.t.c.SpringBootTestContextBootstrapper : Found @SpringBootConfiguration org.randol.medusa.medusabackend.MedusaBackendApplication for test class org.randol.medusa.medusabackend.BookControllerTests

  .   ____          _            __ _ _
 /\\ / ___'_ __ _ _(_)_ __  __ _ \ \ \ \
( ( )\___ | '_ | '_| | '_ \/ _` | \ \ \ \
 \\/  ___)| |_)| | | | | || (_| |  ) ) ) )
  '  |____| .__|_| |_|_| |_\__, | / / / /
 =========|_|==============|___/=/_/_/_/
 :: Spring Boot ::                (v3.2.0)

2023-11-30T22:17:57.733Z  INFO 83971 --- [           main] o.r.m.medusabackend.BookControllerTests  : Starting BookControllerTests using Java 17.0.9 with PID 83971 (started by codespace in /workspaces/medusa/backend)
2023-11-30T22:17:57.734Z  INFO 83971 --- [           main] o.r.m.medusabackend.BookControllerTests  : No active profile set, falling back to 1 default profile: "default"
2023-11-30T22:17:57.902Z  INFO 83971 --- [           main] efaultSchemaResourceGraphQlSourceBuilder : Loaded 1 resource(s) in the GraphQL schema.
2023-11-30T22:17:57.928Z  INFO 83971 --- [           main] o.s.b.a.g.GraphQlAutoConfiguration       : GraphQL schema inspection:
	Unmapped fields: {Query=[galleryIndex]}
	Unmapped registrations: {}
	Skipped types: []
2023-11-30T22:17:58.181Z  INFO 83971 --- [           main] o.r.m.medusabackend.BookControllerTests  : Started BookControllerTests in 0.523 seconds (process running for 6.282)
]]></system-out>
  </testcase>
</testsuite>